Arguments: 
  /home/sandbox/.nvm/versions/node/v14.18.1/bin/node /home/sandbox/.nvm/versions/node/v14.18.1/bin/yarn --non-interactive

PATH: 
  /home/sandbox/.nvm/versions/node/v14.18.1/bin:/usr/local/sbin:/usr/local/bin:/usr/sbin:/usr/bin:/sbin:/bin

Yarn version: 
  1.22.17

Node version: 
  14.18.1

Platform: 
  linux x64

Trace: 
  SyntaxError: /sandbox/package.json: Unexpected end of JSON input
      at JSON.parse (<anonymous>)
      at /home/sandbox/.nvm/versions/node/v14.18.1/lib/node_modules/yarn/lib/cli.js:1625:59
      at Generator.next (<anonymous>)
      at step (/home/sandbox/.nvm/versions/node/v14.18.1/lib/node_modules/yarn/lib/cli.js:310:30)
      at /home/sandbox/.nvm/versions/node/v14.18.1/lib/node_modules/yarn/lib/cli.js:321:13

npm manifest: 
  

yarn manifest: 
  No manifest

Lockfile: 
  No lockfile
